app/build/outputs/logs/manifest-merger-debug-report.txt
-- Merging decision tree log ---
manifest
ADDED from AndroidManifest.xml:20:1
	package
		ADDED from AndroidManifest.xml:21:5
		INJECTED from AndroidManifest.xml:0:0
		INJECTED from AndroidManifest.xml:0:0
	android:versionName
		ADDED from AndroidManifest.xml:24:5
	android:versionCode
		ADDED from AndroidManifest.xml:23:5
		INJECTED from AndroidManifest.xml:0:0
		INJECTED from AndroidManifest.xml:0:0
	xmlns:android
		ADDED from AndroidManifest.xml:20:11
	android:installLocation
		ADDED from AndroidManifest.xml:22:5
supports-screens
ADDED from AndroidManifest.xml:28:5
	android:largeScreens
		ADDED from AndroidManifest.xml:30:9
	android:smallScreens
		ADDED from AndroidManifest.xml:32:9
	android:normalScreens
		ADDED from AndroidManifest.xml:31:9
	android:xlargeScreens
		ADDED from AndroidManifest.xml:33:9
	android:anyDensity
		ADDED from AndroidManifest.xml:29:9
uses-sdk
ADDED from AndroidManifest.xml:35:5
MERGED from com.android.support:appcompat-v7:19.1.0:18:5
	android:targetSdkVersion
		ADDED from AndroidManifest.xml:37:9
		INJECTED from AndroidManifest.xml:0:0
		INJECTED from AndroidManifest.xml:0:0
	android:minSdkVersion
		ADDED from AndroidManifest.xml:36:9
		INJECTED from AndroidManifest.xml:0:0
		INJECTED from AndroidManifest.xml:0:0
uses-permission#android.permission.INTERNET
ADDED from AndroidManifest.xml:40:5
	android:name
		ADDED from AndroidManifest.xml:40:22
uses-permission#android.permission.RECEIVE_BOOT_COMPLETED
ADDED from AndroidManifest.xml:41:5
	android:name
		ADDED from AndroidManifest.xml:41:22
uses-permission#android.permission.WAKE_LOCK
ADDED from AndroidManifest.xml:42:5
	android:name
		ADDED from AndroidManifest.xml:42:22
uses-permission#android.permission.ACCESS_NETWORK_STATE
ADDED from AndroidManifest.xml:43:5
	android:name
		ADDED from AndroidManifest.xml:43:22
uses-permission#android.permission.READ_LOGS
ADDED from AndroidManifest.xml:44:5
	android:name
		ADDED from AndroidManifest.xml:44:22
uses-permission#android.permission.RESTART_PACKAGES
ADDED from AndroidManifest.xml:45:5
	android:name
		ADDED from AndroidManifest.xml:45:22
application
ADDED from AndroidManifest.xml:47:5
MERGED from com.android.support:appcompat-v7:19.1.0:19:5
	android:label
		ADDED from AndroidManifest.xml:51:9
	android:debuggable
		ADDED from AndroidManifest.xml:49:9
	android:allowBackup
		ADDED from AndroidManifest.xml:48:9
	android:icon
		ADDED from AndroidManifest.xml:50:9
	android:largeHeap
		ADDED from AndroidManifest.xml:53:9
	android:theme
		ADDED from AndroidManifest.xml:52:9
activity#edu.berkeley.boinc.SplashActivity
ADDED from AndroidManifest.xml:55:9
	android:screenOrientation
		ADDED from AndroidManifest.xml:58:13
	android:label
		ADDED from AndroidManifest.xml:59:13
	android:noHistory
		ADDED from AndroidManifest.xml:61:13
	android:configChanges
		ADDED from AndroidManifest.xml:57:13
	android:theme
		ADDED from AndroidManifest.xml:60:13
	android:name
		ADDED from AndroidManifest.xml:56:13
intent-filter#android.intent.action.MAIN+android.intent.category.LAUNCHER
ADDED from AndroidManifest.xml:62:13
action#android.intent.action.MAIN
ADDED from AndroidManifest.xml:63:17
	android:name
		ADDED from AndroidManifest.xml:63:25
category#android.intent.category.LAUNCHER
ADDED from AndroidManifest.xml:64:17
	android:name
		ADDED from AndroidManifest.xml:64:27
activity#edu.berkeley.boinc.BOINCActivity
ADDED from AndroidManifest.xml:67:9
	android:label
		ADDED from AndroidManifest.xml:69:13
	android:launchMode
		ADDED from AndroidManifest.xml:70:13
	android:exported
		ADDED from AndroidManifest.xml:71:13
	android:name
		ADDED from AndroidManifest.xml:68:13
activity#edu.berkeley.boinc.attach.AcctMgrFragment
ADDED from AndroidManifest.xml:73:9
	android:name
		ADDED from AndroidManifest.xml:73:19
meta-data#android.support.PARENT_ACTIVITY
ADDED from AndroidManifest.xml:74:13
	android:value
		ADDED from AndroidManifest.xml:76:17
	android:name
		ADDED from AndroidManifest.xml:75:17
activity#edu.berkeley.boinc.attach.SelectionListActivity
ADDED from AndroidManifest.xml:78:9
	android:screenOrientation
		ADDED from AndroidManifest.xml:81:13
	android:theme
		ADDED from AndroidManifest.xml:80:13
	android:name
		ADDED from AndroidManifest.xml:79:13
activity#edu.berkeley.boinc.attach.CredentialInputActivity
ADDED from AndroidManifest.xml:83:9
	android:screenOrientation
		ADDED from AndroidManifest.xml:86:13
	android:windowSoftInputMode
		ADDED from AndroidManifest.xml:87:13
	android:theme
		ADDED from AndroidManifest.xml:85:13
	android:name
		ADDED from AndroidManifest.xml:84:13
activity#edu.berkeley.boinc.attach.BatchProcessingActivity
ADDED from AndroidManifest.xml:89:9
	android:screenOrientation
		ADDED from AndroidManifest.xml:92:13
	android:theme
		ADDED from AndroidManifest.xml:91:13
	android:name
		ADDED from AndroidManifest.xml:90:13
activity#edu.berkeley.boinc.attach.BatchConflictListActivity
ADDED from AndroidManifest.xml:94:9
	android:screenOrientation
		ADDED from AndroidManifest.xml:97:13
	android:theme
		ADDED from AndroidManifest.xml:96:13
	android:name
		ADDED from AndroidManifest.xml:95:13
activity#edu.berkeley.boinc.attach.IndividualAttachActivity
ADDED from AndroidManifest.xml:99:9
	android:screenOrientation
		ADDED from AndroidManifest.xml:102:13
	android:theme
		ADDED from AndroidManifest.xml:101:13
	android:name
		ADDED from AndroidManifest.xml:100:13
activity#edu.berkeley.boinc.attach.AttachProjectRegistrationActivity
ADDED from AndroidManifest.xml:104:9
	android:name
		ADDED from AndroidManifest.xml:104:19
activity#edu.berkeley.boinc.attach.AttachProjectWorkingActivity
ADDED from AndroidManifest.xml:109:9
	android:noHistory
		ADDED from AndroidManifest.xml:112:13
	android:configChanges
		ADDED from AndroidManifest.xml:111:13
	android:name
		ADDED from AndroidManifest.xml:110:8
activity#edu.berkeley.boinc.EventLogActivity
ADDED from AndroidManifest.xml:113:9
	android:name
		ADDED from AndroidManifest.xml:113:19
service#edu.berkeley.boinc.client.Monitor
ADDED from AndroidManifest.xml:119:9
	android:process
		ADDED from AndroidManifest.xml:119:67
	android:name
		ADDED from AndroidManifest.xml:119:18
service#edu.berkeley.boinc.attach.ProjectAttachService
ADDED from AndroidManifest.xml:121:9
	android:name
		ADDED from AndroidManifest.xml:121:18
receiver#edu.berkeley.boinc.receiver.BootReceiver
ADDED from AndroidManifest.xml:124:9
	android:name
		ADDED from AndroidManifest.xml:124:19
intent-filter#android.intent.action.BOOT_COMPLETED
ADDED from AndroidManifest.xml:125:13
action#android.intent.action.BOOT_COMPLETED
ADDED from AndroidManifest.xml:126:17
	android:name
		ADDED from AndroidManifest.xml:126:25
receiver#edu.berkeley.boinc.receiver.PowerConnectedReceiver
ADDED from AndroidManifest.xml:129:9
	android:name
		ADDED from AndroidManifest.xml:129:19
intent-filter#android.intent.action.ACTION_POWER_CONNECTED
ADDED from AndroidManifest.xml:130:10
action#android.intent.action.ACTION_POWER_CONNECTED
ADDED from AndroidManifest.xml:131:14
	android:name
		ADDED from AndroidManifest.xml:131:22
receiver#edu.berkeley.boinc.receiver.PackageReplacedReceiver
ADDED from AndroidManifest.xml:134:9
	android:name
		ADDED from AndroidManifest.xml:134:19
intent-filter#android.intent.action.PACKAGE_REPLACED
ADDED from AndroidManifest.xml:135:13
action#android.intent.action.PACKAGE_REPLACED
ADDED from AndroidManifest.xml:136:17
	android:name
		ADDED from AndroidManifest.xml:136:25
data
ADDED from AndroidManifest.xml:137:17
	android:path
		ADDED from AndroidManifest.xml:137:23
	android:scheme
		ADDED from AndroidManifest.xml:137:57
activity#edu.berkeley.boinc.BoincNotExclusiveDialog
ADDED from AndroidManifest.xml:140:9
	android:theme
		ADDED from AndroidManifest.xml:140:59
	android:name
		ADDED from AndroidManifest.xml:140:19